<?xml version="1.0" encoding="UTF-8" ?>
<testsuite tests="3" failures="0" name="org.carros.AntesDepois" time="0.006" errors="0" skipped="0">
  <properties>
    <property name="java.runtime.name" value="Java(TM) SE Runtime Environment"/>
    <property name="java.vm.version" value="16.0.1+9-24"/>
    <property name="sun.boot.library.path" value="C:\Program Files\Java\jdk-16.0.1\bin"/>
    <property name="maven.multiModuleProjectDirectory" value="C:\Users\douglas.casagrande\Documents\NetBeansProjects\Carros"/>
    <property name="java.vm.vendor" value="Oracle Corporation"/>
    <property name="java.vendor.url" value="https://java.oracle.com/"/>
    <property name="guice.disable.misplaced.annotation.check" value="true"/>
    <property name="path.separator" value=";"/>
    <property name="java.vm.name" value="Java HotSpot(TM) 64-Bit Server VM"/>
    <property name="sun.os.patch.level" value="Service Pack 1"/>
    <property name="user.script" value=""/>
    <property name="user.country" value="BR"/>
    <property name="sun.java.launcher" value="SUN_STANDARD"/>
    <property name="test" value="org.carros.AntesDepois"/>
    <property name="java.vm.specification.name" value="Java Virtual Machine Specification"/>
    <property name="user.dir" value="C:\Users\douglas.casagrande\Documents\NetBeansProjects\Carros"/>
    <property name="java.vm.compressedOopsMode" value="Zero based"/>
    <property name="java.runtime.version" value="16.0.1+9-24"/>
    <property name="os.arch" value="amd64"/>
    <property name="java.io.tmpdir" value="C:\Users\DOUGLA~1.CAS\AppData\Local\Temp\"/>
    <property name="line.separator" value="
"/>
    <property name="java.vm.specification.vendor" value="Oracle Corporation"/>
    <property name="user.variant" value=""/>
    <property name="os.name" value="Windows 7"/>
    <property name="maven.ext.class.path" value="C:\Program Files\NetBeans-12.3\netbeans\java\maven-nblib\netbeans-eventspy.jar"/>
    <property name="classworlds.conf" value="C:\Program Files\NetBeans-12.3\netbeans\java\maven\bin\..\bin\m2.conf"/>
    <property name="sun.jnu.encoding" value="Cp1252"/>
    <property name="java.library.path" value="C:\Program Files\Java\jdk-16.0.1\bin;C:\windows\Sun\Java\bin;C:\windows\system32;C:\windows;C:\Program Files\Common Files\Oracle\Java\javapath;C:\Program Files (x86)\Common Files\Oracle\Java\javapath;C:\windows\system32;C:\windows;C:\windows\System32\Wbem;C:\windows\System32\WindowsPowerShell\v1.0\;C:\Program Files\nodejs\;C:\Program Files\Git\cmd;;C:\Users\douglas.casagrande\AppData\Local\Programs\Microsoft VS Code\bin;C:\Users\douglas.casagrande\AppData\Roaming\npm;."/>
    <property name="maven.conf" value="C:\Program Files\NetBeans-12.3\netbeans\java\maven\bin\../conf"/>
    <property name="jdk.debug" value="release"/>
    <property name="java.class.version" value="60.0"/>
    <property name="java.specification.name" value="Java Platform API Specification"/>
    <property name="sun.management.compiler" value="HotSpot 64-Bit Tiered Compilers"/>
    <property name="os.version" value="6.1"/>
    <property name="library.jansi.path" value="C:\Program Files\NetBeans-12.3\netbeans\java\maven\bin\..\lib\jansi-native"/>
    <property name="user.home" value="C:\Users\douglas.casagrande"/>
    <property name="user.timezone" value="America/Sao_Paulo"/>
    <property name="file.encoding" value="UTF-8"/>
    <property name="java.specification.version" value="16"/>
    <property name="user.name" value="douglas.casagrande"/>
    <property name="java.class.path" value="C:\Program Files\NetBeans-12.3\netbeans\java\maven\bin\..\boot\plexus-classworlds-2.6.0.jar"/>
    <property name="java.vm.specification.version" value="16"/>
    <property name="sun.arch.data.model" value="64"/>
    <property name="sun.java.command" value="org.codehaus.plexus.classworlds.launcher.Launcher -Dtest=org.carros.AntesDepois -Dmaven.ext.class.path=C:\Program Files\NetBeans-12.3\netbeans\java\maven-nblib\netbeans-eventspy.jar -Dfile.encoding=UTF-8 surefire:test"/>
    <property name="java.home" value="C:\Program Files\Java\jdk-16.0.1"/>
    <property name="user.language" value="pt"/>
    <property name="java.specification.vendor" value="Oracle Corporation"/>
    <property name="java.vm.info" value="mixed mode, sharing"/>
    <property name="java.version" value="16.0.1"/>
    <property name="java.vendor" value="Oracle Corporation"/>
    <property name="maven.home" value="C:\Program Files\NetBeans-12.3\netbeans\java\maven\bin\.."/>
    <property name="file.separator" value="\"/>
    <property name="java.version.date" value="2021-04-20"/>
    <property name="java.vendor.url.bug" value="https://bugreport.java.com/bugreport/"/>
    <property name="sun.io.unicode.encoding" value="UnicodeLittle"/>
    <property name="sun.cpu.endian" value="little"/>
    <property name="sun.cpu.isalist" value="amd64"/>
  </properties>
  <testcase classname="org.carros.AntesDepois" name="test1" time="0.005"/>
  <testcase classname="org.carros.AntesDepois" name="test2" time="0"/>
  <testcase classname="org.carros.AntesDepois" name="test3" time="0.001"/>
</testsuite>